<?xml version="1.0" encoding="utf-8"?>
<TestRun id="14c61b0a-01cd-4af2-bb6a-c032d3661537" name="louis@DESKTOP-BR73B8A 2026-01-04 22:43:51" runUser="DESKTOP-BR73B8A\louis" xmlns="http://microsoft.com/schemas/VisualStudio/TeamTest/2010">
  <Times creation="2026-01-04T22:43:51.8800258+01:00" queuing="2026-01-04T22:43:51.8800262+01:00" start="2026-01-04T22:43:40.7512254+01:00" finish="2026-01-04T22:43:51.8847842+01:00" />
  <TestSettings name="default" id="dc516629-db1f-422a-b1b2-80eb712a174e">
    <Deployment runDeploymentRoot="louis_DESKTOP-BR73B8A_2026-01-04_22_43_51" />
  </TestSettings>
  <Results>
    <UnitTestResult executionId="e34e9fc7-be9a-43bf-a43c-c8529ffe5df0" testId="168e4dd4-735d-4e0a-d9da-b57a754234a5" testName="Api_Boots_WithinOneMinute_HealthEndpointBecomesHealthy" computerName="DESKTOP-BR73B8A" duration="00:00:10.4281810" startTime="2026-01-04T22:43:41.3421377+01:00" endTime="2026-01-04T22:43:51.7702072+01:00" testType="13cdc9d9-ddb5-4fa4-a97d-d965ccfc6d4b" outcome="Passed" testListId="8c84fa94-04c1-424b-9868-57a2d4851a1d" relativeResultsDirectory="e34e9fc7-be9a-43bf-a43c-c8529ffe5df0">
      <Output>
        <StdOut>info: CodingTestEverllence.Program[0]&#xD;
      Health endpoint was called: /health&#xD;
warn: Microsoft.AspNetCore.HttpsPolicy.HttpsRedirectionMiddleware[3]&#xD;
      Failed to determine the https port for redirect.&#xD;
fail: Microsoft.Extensions.Diagnostics.HealthChecks.DefaultHealthCheckService[103]&#xD;
      Health check startup_delay with status Unhealthy completed after 0.5722ms with message 'Application is still starting up'&#xD;
info: CodingTestEverllence.Program[0]&#xD;
      Health endpoint was called: /health&#xD;
fail: Microsoft.Extensions.Diagnostics.HealthChecks.DefaultHealthCheckService[103]&#xD;
      Health check startup_delay with status Unhealthy completed after 0.0321ms with message 'Application is still starting up'&#xD;
info: CodingTestEverllence.Program[0]&#xD;
      Health endpoint was called: /health&#xD;
fail: Microsoft.Extensions.Diagnostics.HealthChecks.DefaultHealthCheckService[103]&#xD;
      Health check startup_delay with status Unhealthy completed after 0.0079ms with message 'Application is still starting up'&#xD;
info: CodingTestEverllence.Program[0]&#xD;
      Health endpoint was called: /health&#xD;
fail: Microsoft.Extensions.Diagnostics.HealthChecks.DefaultHealthCheckService[103]&#xD;
      Health check startup_delay with status Unhealthy completed after 0.011ms with message 'Application is still starting up'&#xD;
info: CodingTestEverllence.Program[0]&#xD;
      Health endpoint was called: /health&#xD;
fail: Microsoft.Extensions.Diagnostics.HealthChecks.DefaultHealthCheckService[103]&#xD;
      Health check startup_delay with status Unhealthy completed after 0.0043ms with message 'Application is still starting up'&#xD;
info: CodingTestEverllence.Program[0]&#xD;
      Health endpoint was called: /health&#xD;
fail: Microsoft.Extensions.Diagnostics.HealthChecks.DefaultHealthCheckService[103]&#xD;
      Health check startup_delay with status Unhealthy completed after 0.0056ms with message 'Application is still starting up'&#xD;
info: CodingTestEverllence.Program[0]&#xD;
      Health endpoint was called: /health&#xD;
fail: Microsoft.Extensions.Diagnostics.HealthChecks.DefaultHealthCheckService[103]&#xD;
      Health check startup_delay with status Unhealthy completed after 0.0062ms with message 'Application is still starting up'&#xD;
info: CodingTestEverllence.Program[0]&#xD;
      Health endpoint was called: /health&#xD;
fail: Microsoft.Extensions.Diagnostics.HealthChecks.DefaultHealthCheckService[103]&#xD;
      Health check startup_delay with status Unhealthy completed after 0.011ms with message 'Application is still starting up'&#xD;
info: CodingTestEverllence.Program[0]&#xD;
      Health endpoint was called: /health&#xD;
fail: Microsoft.Extensions.Diagnostics.HealthChecks.DefaultHealthCheckService[103]&#xD;
      Health check startup_delay with status Unhealthy completed after 0.0051ms with message 'Application is still starting up'&#xD;
info: CodingTestEverllence.Program[0]&#xD;
      Health endpoint was called: /health&#xD;
fail: Microsoft.Extensions.Diagnostics.HealthChecks.DefaultHealthCheckService[103]&#xD;
      Health check startup_delay with status Unhealthy completed after 0.0322ms with message 'Application is still starting up'&#xD;
info: CodingTestEverllence.Program[0]&#xD;
      Health endpoint was called: /health</StdOut>
      </Output>
    </UnitTestResult>
  </Results>
  <TestDefinitions>
    <UnitTest name="Api_Boots_WithinOneMinute_HealthEndpointBecomesHealthy" storage="c:\users\louis\documents\repo\codingchallenge\simplehealthapi\codingtesteverllence.test\bin\release\net8.0\codingtesteverllence.test.dll" id="168e4dd4-735d-4e0a-d9da-b57a754234a5">
      <Execution id="e34e9fc7-be9a-43bf-a43c-c8529ffe5df0" />
      <TestMethod codeBase="C:\Users\louis\Documents\Repo\CodingChallenge\SimpleHealthAPI\CodingTestEverllence.Test\bin\Release\net8.0\CodingTestEverllence.Test.dll" adapterTypeName="executor://nunit3testexecutor/" className="CodingTestEverllence.Test.HealthEndpointBootTests" name="Api_Boots_WithinOneMinute_HealthEndpointBecomesHealthy" />
    </UnitTest>
  </TestDefinitions>
  <TestEntries>
    <TestEntry testId="168e4dd4-735d-4e0a-d9da-b57a754234a5" executionId="e34e9fc7-be9a-43bf-a43c-c8529ffe5df0" testListId="8c84fa94-04c1-424b-9868-57a2d4851a1d" />
  </TestEntries>
  <TestLists>
    <TestList name="Results Not in a List" id="8c84fa94-04c1-424b-9868-57a2d4851a1d" />
    <TestList name="All Loaded Results" id="19431567-8539-422a-85d7-44ee4e166bda" />
  </TestLists>
  <ResultSummary outcome="Completed">
    <Counters total="1" executed="1" passed="1" failed="0" error="0" timeout="0" aborted="0" inconclusive="0" passedButRunAborted="0" notRunnable="0" notExecuted="0" disconnected="0" warning="0" completed="0" inProgress="0" pending="0" />
    <Output>
      <StdOut>NUnit Adapter 4.5.0.0: Test execution started&#xD;
Running all tests in C:\Users\louis\Documents\Repo\CodingChallenge\SimpleHealthAPI\CodingTestEverllence.Test\bin\Release\net8.0\CodingTestEverllence.Test.dll&#xD;
   NUnit3TestExecutor discovered 1 of 1 NUnit test cases using Current Discovery mode, Non-Explicit run&#xD;
NUnit Adapter 4.5.0.0: Test execution complete&#xD;
</StdOut>
    </Output>
    <RunInfos>
      <RunInfo computerName="DESKTOP-BR73B8A" outcome="Warning" timestamp="2026-01-04T22:43:51.7934850+01:00">
        <Text>info: CodingTestEverllence.Program[0]&#xD;
      Health endpoint was called: /health&#xD;
warn: Microsoft.AspNetCore.HttpsPolicy.HttpsRedirectionMiddleware[3]&#xD;
      Failed to determine the https port for redirect.&#xD;
fail: Microsoft.Extensions.Diagnostics.HealthChecks.DefaultHealthCheckService[103]&#xD;
      Health check startup_delay with status Unhealthy completed after 0.5722ms with message 'Application is still starting up'&#xD;
info: CodingTestEverllence.Program[0]&#xD;
      Health endpoint was called: /health&#xD;
fail: Microsoft.Extensions.Diagnostics.HealthChecks.DefaultHealthCheckService[103]&#xD;
      Health check startup_delay with status Unhealthy completed after 0.0321ms with message 'Application is still starting up'&#xD;
info: CodingTestEverllence.Program[0]&#xD;
      Health endpoint was called: /health&#xD;
fail: Microsoft.Extensions.Diagnostics.HealthChecks.DefaultHealthCheckService[103]&#xD;
      Health check startup_delay with status Unhealthy completed after 0.0079ms with message 'Application is still starting up'&#xD;
info: CodingTestEverllence.Program[0]&#xD;
      Health endpoint was called: /health&#xD;
fail: Microsoft.Extensions.Diagnostics.HealthChecks.DefaultHealthCheckService[103]&#xD;
      Health check startup_delay with status Unhealthy completed after 0.011ms with message 'Application is still starting up'&#xD;
info: CodingTestEverllence.Program[0]&#xD;
      Health endpoint was called: /health&#xD;
fail: Microsoft.Extensions.Diagnostics.HealthChecks.DefaultHealthCheckService[103]&#xD;
      Health check startup_delay with status Unhealthy completed after 0.0043ms with message 'Application is still starting up'&#xD;
info: CodingTestEverllence.Program[0]&#xD;
      Health endpoint was called: /health&#xD;
fail: Microsoft.Extensions.Diagnostics.HealthChecks.DefaultHealthCheckService[103]&#xD;
      Health check startup_delay with status Unhealthy completed after 0.0056ms with message 'Application is still starting up'&#xD;
info: CodingTestEverllence.Program[0]&#xD;
      Health endpoint was called: /health&#xD;
fail: Microsoft.Extensions.Diagnostics.HealthChecks.DefaultHealthCheckService[103]&#xD;
      Health check startup_delay with status Unhealthy completed after 0.0062ms with message 'Application is still starting up'&#xD;
info: CodingTestEverllence.Program[0]&#xD;
      Health endpoint was called: /health&#xD;
fail: Microsoft.Extensions.Diagnostics.HealthChecks.DefaultHealthCheckService[103]&#xD;
      Health check startup_delay with status Unhealthy completed after 0.011ms with message 'Application is still starting up'&#xD;
info: CodingTestEverllence.Program[0]&#xD;
      Health endpoint was called: /health&#xD;
fail: Microsoft.Extensions.Diagnostics.HealthChecks.DefaultHealthCheckService[103]&#xD;
      Health check startup_delay with status Unhealthy completed after 0.0051ms with message 'Application is still starting up'&#xD;
info: CodingTestEverllence.Program[0]&#xD;
      Health endpoint was called: /health&#xD;
fail: Microsoft.Extensions.Diagnostics.HealthChecks.DefaultHealthCheckService[103]&#xD;
      Health check startup_delay with status Unhealthy completed after 0.0322ms with message 'Application is still starting up'&#xD;
info: CodingTestEverllence.Program[0]&#xD;
      Health endpoint was called: /health&#xD;
</Text>
      </RunInfo>
    </RunInfos>
  </ResultSummary>
</TestRun>